2022:10:03-22:58:52 INFO     <module>          find new arr dictionaris (repeateWords.py)
2022:10:03-23:04:10 INFO     <module>          find new arr dictionaris (repeateWords.py[:8])
2022:10:03-23:04:28 INFO     <module>          find new arr dictionaris (repeateWords.py:8)
2022:10:03-23:05:07 INFO      find new arr dictionaris (repeateWords.py <module>          :8)
2022:10:03-23:05:33 INFO      find new arr dictionaris (repeateWords.py <module> :8)
2022:10:03-23:06:27 INFO      find new arr dictionaris \033[31m(repeateWords.py <module> :8)
2022:10:03-23:09:17 INFO      find new arr dictionaris \033[31m(repeateWords.py <module> :8)
2022:10:03-23:09:42 INFO      find new arr dictionaris \033[31m(repeateWords.py <module> :8)
2022:10:03-23:22:51 INFO      find new arr dictionaris \033[31m(repeateWords.py <module> :8)
2022:10:03-23:23:04 INFO      find new arr dictionaris (repeateWords.py <module> :8)
2022:10:03-23:23:32 INFO      in checl pair (repeateWords.py checkPair :123)
2022:10:03-23:24:12 INFO      find new arr dictionaris (repeateWords.py <module> :8)
2022:10:03-23:24:40 INFO      find new arr dictionaris (repeateWords.py <module> :8)
2022:10:03-23:24:45 INFO      in checl pair None (repeateWords.py checkPair :125)
2022:10:03-23:37:52 INFO      find new arr dictionaris (repeateWords.py <module> :8)
2022:10:03-23:40:11 INFO      find new arr dictionaris (repeateWords.py <module> :8)
2022:10:03-23:41:25 INFO      main func teleg bot . stating script (TelegBot.py main :68)
2022:10:03-23:41:39 INFO      main func teleg bot . stating script (TelegBot.py main :68)
2022:10:03-23:41:46 INFO      find new arr dictionaris (repeateWords.py <module> :8)
2022:10:03-23:42:42 INFO      main func teleg bot . stating script (TelegBot.py main :68)
2022:10:03-23:42:45 INFO      find new arr dictionaris (repeateWords.py <module> :8)
2022:10:04-00:18:41 INFO      main func teleg bot . stating script (TelegBot.py main :68)
2022:10:04-00:18:44 INFO      find new arr dictionaris (repeateWords.py <module> :8)
